Build started 16/04/2024 12:14:42 SA.
     1>Project "C:\Users\ADMIN\OneDrive\Máy tính\gamesdlbancuoi\bloodchess\gameSDL2\gameSDL2\gameSDL2.vcxproj" on node 2 (Build target(s)).
     1>ClCompile:
         C:\Program Files (x86)\Microsoft Visual Studio 11.0\VC\bin\CL.exe /c /ZI /nologo /W3 /WX- /sdl /Od /Oy- /D WIN32 /D _DEBUG /D _CONSOLE /D _UNICODE /D UNICODE /Gm /EHsc /RTC1 /MDd /GS /fp:precise /Zc:wchar_t /Zc:forScope /Yu"stdafx.h" /Fp"Debug\gameSDL2.pch" /Fo"Debug\\" /Fd"Debug\vc110.pdb" /Gd /TP /analyze- /errorReport:prompt TextObject.cpp
         TextObject.cpp
     1>c:\users\admin\onedrive\máy tính\gamesdlbancuoi\bloodchess\gamesdl2\gamesdl2\commonfunc.h(49): warning C4091: 'typedef ' : ignored on left of 'Map' when no variable is declared
     1>c:\users\admin\onedrive\máy tính\gamesdlbancuoi\bloodchess\gamesdl2\gamesdl2\commonfunc.h(58): warning C4091: 'typedef ' : ignored on left of 'Input' when no variable is declared
     1>c:\users\admin\onedrive\máy tính\gamesdlbancuoi\bloodchess\gamesdl2\gamesdl2\textobject.cpp(11): error C2143: syntax error : missing ')' before '{'
     1>c:\users\admin\onedrive\máy tính\gamesdlbancuoi\bloodchess\gamesdl2\gamesdl2\textobject.cpp(11): error C2059: syntax error : ')'
     1>c:\users\admin\onedrive\máy tính\gamesdlbancuoi\bloodchess\gamesdl2\gamesdl2\textobject.cpp(11): error C2143: syntax error : missing ';' before '{'
     1>c:\users\admin\onedrive\máy tính\gamesdlbancuoi\bloodchess\gamesdl2\gamesdl2\textobject.cpp(11): error C2143: syntax error : missing ';' before '}'
     1>Done Building Project "C:\Users\ADMIN\OneDrive\Máy tính\gamesdlbancuoi\bloodchess\gameSDL2\gameSDL2\gameSDL2.vcxproj" (Build target(s)) -- FAILED.

Build FAILED.

Time Elapsed 00:00:00.80
